<?xml version="1.0" encoding="UTF-8"?>
<!-- Generated by org.testng.reporters.JUnitXMLReporter -->
<testsuite ignored="0" hostname="amalia-Vostro-15-3530" failures="1" tests="23" name="Regression Tests" time="34.028" errors="0" timestamp="2024-01-13T12:12:41 EET">
  <testcase classname="tests.PetTests" name="createPet" time="1.575"/>
  <testcase classname="tests.PetTests" name="getPetAndValidateCategoryName" time="1.008"/>
  <testcase classname="tests.PetTests" name="getPetAndValidateName" time="1.024"/>
  <testcase classname="tests.PetTests" name="getPetById" time="1.013"/>
  <testcase classname="tests.PetTests" name="getPetsByStatus" time="1.038">
    <failure type="java.lang.RuntimeException" message="com.fasterxml.jackson.databind.JsonMappingException: Numeric value (9223372036854755014) out of range of int (-2147483648 - 2147483647)
 at [Source: (String)&amp;quot;{&amp;quot;id&amp;quot;:9223372036854755014,&amp;quot;category&amp;quot;:{&amp;quot;id&amp;quot;:0,&amp;quot;name&amp;quot;:&amp;quot;Ringo&amp;quot;},&amp;quot;name&amp;quot;:&amp;quot;doggie&amp;quot;,&amp;quot;photoUrls&amp;quot;:[&amp;quot;string&amp;quot;],&amp;quot;tags&amp;quot;:[{&amp;quot;id&amp;quot;:0,&amp;quot;name&amp;quot;:&amp;quot;Cat&amp;quot;}],&amp;quot;status&amp;quot;:&amp;quot;sold&amp;quot;}&amp;quot;; line: 1, column: 26] (through reference chain: models.Pet[&amp;quot;id&amp;quot;])">
      <![CDATA[java.lang.RuntimeException: com.fasterxml.jackson.databind.JsonMappingException: Numeric value (9223372036854755014) out of range of int (-2147483648 - 2147483647)
 at [Source: (String)"{"id":9223372036854755014,"category":{"id":0,"name":"Ringo"},"name":"doggie","photoUrls":["string"],"tags":[{"id":0,"name":"Cat"}],"status":"sold"}"; line: 1, column: 26] (through reference chain: models.Pet["id"])
at io.restassured.internal.path.json.mapping.JsonPathJackson2ObjectDeserializer.deserialize(JsonPathJackson2ObjectDeserializer.java:30)
at io.restassured.internal.path.json.mapping.JsonObjectDeserializer.deserializeWithJackson2(JsonObjectDeserializer.java:93)
at io.restassured.internal.path.json.mapping.JsonObjectDeserializer.deserialize(JsonObjectDeserializer.java:53)
at io.restassured.path.json.JsonPath.jsonStringToObject(JsonPath.java:1093)
at io.restassured.path.json.JsonPath.getList(JsonPath.java:400)
at tests.PetTests.getPetsByStatus(PetTests.java:58)
at java.base/java.util.ArrayList.forEach(ArrayList.java:1541)
Caused by: com.fasterxml.jackson.databind.JsonMappingException: Numeric value (9223372036854755014) out of range of int (-2147483648 - 2147483647)
 at [Source: (String)"{"id":9223372036854755014,"category":{"id":0,"name":"Ringo"},"name":"doggie","photoUrls":["string"],"tags":[{"id":0,"name":"Cat"}],"status":"sold"}"; line: 1, column: 26] (through reference chain: models.Pet["id"])
at com.fasterxml.jackson.databind.JsonMappingException.wrapWithPath(JsonMappingException.java:402)
at com.fasterxml.jackson.databind.JsonMappingException.wrapWithPath(JsonMappingException.java:361)
at com.fasterxml.jackson.databind.deser.BeanDeserializerBase.wrapAndThrow(BeanDeserializerBase.java:1826)
at com.fasterxml.jackson.databind.deser.BeanDeserializer.vanillaDeserialize(BeanDeserializer.java:316)
at com.fasterxml.jackson.databind.deser.BeanDeserializer.deserialize(BeanDeserializer.java:177)
at com.fasterxml.jackson.databind.deser.DefaultDeserializationContext.readRootValue(DefaultDeserializationContext.java:323)
at com.fasterxml.jackson.databind.ObjectMapper._readMapAndClose(ObjectMapper.java:4730)
at com.fasterxml.jackson.databind.ObjectMapper.readValue(ObjectMapper.java:3677)
at io.restassured.internal.path.json.mapping.JsonPathJackson2ObjectDeserializer.deserialize(JsonPathJackson2ObjectDeserializer.java:28)
... 37 more
Caused by: com.fasterxml.jackson.core.exc.InputCoercionException: Numeric value (9223372036854755014) out of range of int (-2147483648 - 2147483647)
 at [Source: (String)"{"id":9223372036854755014,"category":{"id":0,"name":"Ringo"},"name":"doggie","photoUrls":["string"],"tags":[{"id":0,"name":"Cat"}],"status":"sold"}"; line: 1, column: 26]
at com.fasterxml.jackson.core.base.ParserMinimalBase._reportInputCoercion(ParserMinimalBase.java:637)
at com.fasterxml.jackson.core.base.ParserMinimalBase.reportOverflowInt(ParserMinimalBase.java:606)
at com.fasterxml.jackson.core.base.ParserBase.convertNumberToInt(ParserBase.java:979)
at com.fasterxml.jackson.core.base.ParserBase._parseIntValue(ParserBase.java:887)
at com.fasterxml.jackson.core.base.ParserBase.getIntValue(ParserBase.java:710)
at com.fasterxml.jackson.databind.deser.std.NumberDeserializers$IntegerDeserializer.deserialize(NumberDeserializers.java:526)
at com.fasterxml.jackson.databind.deser.std.NumberDeserializers$IntegerDeserializer.deserialize(NumberDeserializers.java:506)
at com.fasterxml.jackson.databind.deser.impl.MethodProperty.deserializeAndSet(MethodProperty.java:129)
at com.fasterxml.jackson.databind.deser.BeanDeserializer.vanillaDeserialize(BeanDeserializer.java:314)
... 42 more
... Removed 31 stack frames]]>
    </failure>
  </testcase> <!-- getPetsByStatus -->
  <testcase classname="tests.PetTests" name="uploadPetImage" time="1.622"/>
  <testcase classname="tests.PetTests" name="validatePetHasPhotoUrl" time="1.04"/>
  <testcase classname="tests.PetTests" name="validateResponseContainsAllData" time="0.712"/>
  <testcase classname="tests.PetTests" name="updatePet" time="0.718"/>
  <testcase classname="tests.PetTests" name="updatePetFormData" time="2.547"/>
  <testcase classname="tests.PetTests" name="deletePet" time="1.944"/>
  <testcase classname="tests.StoreTests" name="getStoreInventory" time="0.92"/>
  <testcase classname="tests.StoreTests" name="placeOrder" time="1.041"/>
  <testcase classname="tests.StoreTests" name="findPurchaseOrderById" time="1.014"/>
  <testcase classname="tests.StoreTests" name="deletePurchaseOrderById" time="1.016"/>
  <testcase classname="tests.UserTests" name="login" time="0.922"/>
  <testcase classname="tests.UserTests" name="createUser" time="1.02"/>
  <testcase classname="tests.UserTests" name="createUsersWithArray" time="3.684"/>
  <testcase classname="tests.UserTests" name="createUsersWithList" time="4.095"/>
  <testcase classname="tests.UserTests" name="getUserByUsername" time="1.029"/>
  <testcase classname="tests.UserTests" name="updateUserEmailAddress" time="1.944"/>
  <testcase classname="tests.UserTests" name="deleteUser" time="1.843"/>
  <testcase classname="tests.UserTests" name="logout" time="1.022"/>
</testsuite> <!-- Regression Tests -->
