<?xml version="1.0" encoding="UTF-8"?>
<testng-results ignored="0" total="23" passed="22" failed="1" skipped="0">
  <reporter-output>
  </reporter-output>
  <suite started-at="2024-01-13T12:12:07 EET" name="Regression Suite" finished-at="2024-01-13T12:12:41 EET" duration-ms="34028">
    <groups>
    </groups>
    <test started-at="2024-01-13T12:12:07 EET" name="Regression Tests" finished-at="2024-01-13T12:12:41 EET" duration-ms="34028">
      <class name="tests.PetTests">
        <test-method is-config="true" signature="setup()[pri:0, instance:tests.PetTests@69e153c5]" started-at="2024-01-13T12:12:07 EET" name="setup" finished-at="2024-01-13T12:12:08 EET" duration-ms="212" status="PASS">
          <reporter-output>
          </reporter-output>
        </test-method> <!-- setup -->
        <test-method signature="createPet()[pri:1, instance:tests.PetTests@69e153c5]" started-at="2024-01-13T12:12:08 EET" name="createPet" finished-at="2024-01-13T12:12:09 EET" duration-ms="1575" status="PASS">
          <reporter-output>
          </reporter-output>
        </test-method> <!-- createPet -->
        <test-method signature="getPetAndValidateCategoryName()[pri:2, instance:tests.PetTests@69e153c5]" started-at="2024-01-13T12:12:09 EET" name="getPetAndValidateCategoryName" finished-at="2024-01-13T12:12:10 EET" duration-ms="1008" status="PASS">
          <reporter-output>
          </reporter-output>
        </test-method> <!-- getPetAndValidateCategoryName -->
        <test-method signature="getPetAndValidateName()[pri:2, instance:tests.PetTests@69e153c5]" started-at="2024-01-13T12:12:10 EET" name="getPetAndValidateName" finished-at="2024-01-13T12:12:11 EET" duration-ms="1024" status="PASS">
          <reporter-output>
          </reporter-output>
        </test-method> <!-- getPetAndValidateName -->
        <test-method signature="getPetById()[pri:2, instance:tests.PetTests@69e153c5]" started-at="2024-01-13T12:12:11 EET" name="getPetById" finished-at="2024-01-13T12:12:12 EET" duration-ms="1013" status="PASS">
          <reporter-output>
          </reporter-output>
        </test-method> <!-- getPetById -->
        <test-method signature="getPetsByStatus()[pri:2, instance:tests.PetTests@69e153c5]" started-at="2024-01-13T12:12:12 EET" name="getPetsByStatus" finished-at="2024-01-13T12:12:13 EET" duration-ms="1038" status="FAIL">
          <exception class="java.lang.RuntimeException">
            <message>
              <![CDATA[com.fasterxml.jackson.databind.JsonMappingException: Numeric value (9223372036854755014) out of range of int (-2147483648 - 2147483647)
 at [Source: (String)"{"id":9223372036854755014,"category":{"id":0,"name":"Ringo"},"name":"doggie","photoUrls":["string"],"tags":[{"id":0,"name":"Cat"}],"status":"sold"}"; line: 1, column: 26] (through reference chain: models.Pet["id"])]]>
            </message>
            <full-stacktrace>
              <![CDATA[java.lang.RuntimeException: com.fasterxml.jackson.databind.JsonMappingException: Numeric value (9223372036854755014) out of range of int (-2147483648 - 2147483647)
 at [Source: (String)"{"id":9223372036854755014,"category":{"id":0,"name":"Ringo"},"name":"doggie","photoUrls":["string"],"tags":[{"id":0,"name":"Cat"}],"status":"sold"}"; line: 1, column: 26] (through reference chain: models.Pet["id"])
at io.restassured.internal.path.json.mapping.JsonPathJackson2ObjectDeserializer.deserialize(JsonPathJackson2ObjectDeserializer.java:30)
at io.restassured.internal.path.json.mapping.JsonObjectDeserializer.deserializeWithJackson2(JsonObjectDeserializer.java:93)
at io.restassured.internal.path.json.mapping.JsonObjectDeserializer.deserialize(JsonObjectDeserializer.java:53)
at io.restassured.path.json.JsonPath.jsonStringToObject(JsonPath.java:1093)
at io.restassured.path.json.JsonPath.getList(JsonPath.java:400)
at tests.PetTests.getPetsByStatus(PetTests.java:58)
at java.base/jdk.internal.reflect.NativeMethodAccessorImpl.invoke0(Native Method)
at java.base/jdk.internal.reflect.NativeMethodAccessorImpl.invoke(NativeMethodAccessorImpl.java:62)
at java.base/jdk.internal.reflect.DelegatingMethodAccessorImpl.invoke(DelegatingMethodAccessorImpl.java:43)
at java.base/java.lang.reflect.Method.invoke(Method.java:566)
at org.testng.internal.MethodInvocationHelper.invokeMethod(MethodInvocationHelper.java:132)
at org.testng.internal.TestInvoker.invokeMethod(TestInvoker.java:599)
at org.testng.internal.TestInvoker.invokeTestMethod(TestInvoker.java:174)
at org.testng.internal.MethodRunner.runInSequence(MethodRunner.java:46)
at org.testng.internal.TestInvoker$MethodInvocationAgent.invoke(TestInvoker.java:822)
at org.testng.internal.TestInvoker.invokeTestMethods(TestInvoker.java:147)
at org.testng.internal.TestMethodWorker.invokeTestMethods(TestMethodWorker.java:146)
at org.testng.internal.TestMethodWorker.run(TestMethodWorker.java:128)
at java.base/java.util.ArrayList.forEach(ArrayList.java:1541)
at org.testng.TestRunner.privateRun(TestRunner.java:764)
at org.testng.TestRunner.run(TestRunner.java:585)
at org.testng.SuiteRunner.runTest(SuiteRunner.java:384)
at org.testng.SuiteRunner.runSequentially(SuiteRunner.java:378)
at org.testng.SuiteRunner.privateRun(SuiteRunner.java:337)
at org.testng.SuiteRunner.run(SuiteRunner.java:286)
at org.testng.SuiteRunnerWorker.runSuite(SuiteRunnerWorker.java:53)
at org.testng.SuiteRunnerWorker.run(SuiteRunnerWorker.java:96)
at org.testng.TestNG.runSuitesSequentially(TestNG.java:1218)
at org.testng.TestNG.runSuitesLocally(TestNG.java:1140)
at org.testng.TestNG.runSuites(TestNG.java:1069)
at org.testng.TestNG.run(TestNG.java:1037)
at org.apache.maven.surefire.testng.TestNGExecutor.run(TestNGExecutor.java:284)
at org.apache.maven.surefire.testng.TestNGXmlTestSuite.execute(TestNGXmlTestSuite.java:75)
at org.apache.maven.surefire.testng.TestNGProvider.invoke(TestNGProvider.java:119)
at org.apache.maven.surefire.booter.ForkedBooter.runSuitesInProcess(ForkedBooter.java:428)
at org.apache.maven.surefire.booter.ForkedBooter.execute(ForkedBooter.java:162)
at org.apache.maven.surefire.booter.ForkedBooter.run(ForkedBooter.java:562)
at org.apache.maven.surefire.booter.ForkedBooter.main(ForkedBooter.java:548)
Caused by: com.fasterxml.jackson.databind.JsonMappingException: Numeric value (9223372036854755014) out of range of int (-2147483648 - 2147483647)
 at [Source: (String)"{"id":9223372036854755014,"category":{"id":0,"name":"Ringo"},"name":"doggie","photoUrls":["string"],"tags":[{"id":0,"name":"Cat"}],"status":"sold"}"; line: 1, column: 26] (through reference chain: models.Pet["id"])
at com.fasterxml.jackson.databind.JsonMappingException.wrapWithPath(JsonMappingException.java:402)
at com.fasterxml.jackson.databind.JsonMappingException.wrapWithPath(JsonMappingException.java:361)
at com.fasterxml.jackson.databind.deser.BeanDeserializerBase.wrapAndThrow(BeanDeserializerBase.java:1826)
at com.fasterxml.jackson.databind.deser.BeanDeserializer.vanillaDeserialize(BeanDeserializer.java:316)
at com.fasterxml.jackson.databind.deser.BeanDeserializer.deserialize(BeanDeserializer.java:177)
at com.fasterxml.jackson.databind.deser.DefaultDeserializationContext.readRootValue(DefaultDeserializationContext.java:323)
at com.fasterxml.jackson.databind.ObjectMapper._readMapAndClose(ObjectMapper.java:4730)
at com.fasterxml.jackson.databind.ObjectMapper.readValue(ObjectMapper.java:3677)
at io.restassured.internal.path.json.mapping.JsonPathJackson2ObjectDeserializer.deserialize(JsonPathJackson2ObjectDeserializer.java:28)
... 37 more
Caused by: com.fasterxml.jackson.core.exc.InputCoercionException: Numeric value (9223372036854755014) out of range of int (-2147483648 - 2147483647)
 at [Source: (String)"{"id":9223372036854755014,"category":{"id":0,"name":"Ringo"},"name":"doggie","photoUrls":["string"],"tags":[{"id":0,"name":"Cat"}],"status":"sold"}"; line: 1, column: 26]
at com.fasterxml.jackson.core.base.ParserMinimalBase._reportInputCoercion(ParserMinimalBase.java:637)
at com.fasterxml.jackson.core.base.ParserMinimalBase.reportOverflowInt(ParserMinimalBase.java:606)
at com.fasterxml.jackson.core.base.ParserBase.convertNumberToInt(ParserBase.java:979)
at com.fasterxml.jackson.core.base.ParserBase._parseIntValue(ParserBase.java:887)
at com.fasterxml.jackson.core.base.ParserBase.getIntValue(ParserBase.java:710)
at com.fasterxml.jackson.databind.deser.std.NumberDeserializers$IntegerDeserializer.deserialize(NumberDeserializers.java:526)
at com.fasterxml.jackson.databind.deser.std.NumberDeserializers$IntegerDeserializer.deserialize(NumberDeserializers.java:506)
at com.fasterxml.jackson.databind.deser.impl.MethodProperty.deserializeAndSet(MethodProperty.java:129)
at com.fasterxml.jackson.databind.deser.BeanDeserializer.vanillaDeserialize(BeanDeserializer.java:314)
... 42 more
]]>
            </full-stacktrace>
          </exception> <!-- java.lang.RuntimeException -->
          <reporter-output>
          </reporter-output>
        </test-method> <!-- getPetsByStatus -->
        <test-method signature="uploadPetImage()[pri:2, instance:tests.PetTests@69e153c5]" started-at="2024-01-13T12:12:13 EET" name="uploadPetImage" finished-at="2024-01-13T12:12:15 EET" duration-ms="1622" status="PASS">
          <reporter-output>
          </reporter-output>
        </test-method> <!-- uploadPetImage -->
        <test-method signature="validatePetHasPhotoUrl()[pri:2, instance:tests.PetTests@69e153c5]" started-at="2024-01-13T12:12:15 EET" name="validatePetHasPhotoUrl" finished-at="2024-01-13T12:12:16 EET" duration-ms="1040" status="PASS">
          <reporter-output>
          </reporter-output>
        </test-method> <!-- validatePetHasPhotoUrl -->
        <test-method signature="validateResponseContainsAllData()[pri:2, instance:tests.PetTests@69e153c5]" started-at="2024-01-13T12:12:16 EET" name="validateResponseContainsAllData" finished-at="2024-01-13T12:12:17 EET" duration-ms="712" status="PASS">
          <reporter-output>
          </reporter-output>
        </test-method> <!-- validateResponseContainsAllData -->
        <test-method signature="updatePet()[pri:3, instance:tests.PetTests@69e153c5]" started-at="2024-01-13T12:12:17 EET" name="updatePet" finished-at="2024-01-13T12:12:17 EET" duration-ms="718" status="PASS">
          <reporter-output>
          </reporter-output>
        </test-method> <!-- updatePet -->
        <test-method signature="updatePetFormData()[pri:3, instance:tests.PetTests@69e153c5]" started-at="2024-01-13T12:12:17 EET" name="updatePetFormData" finished-at="2024-01-13T12:12:20 EET" duration-ms="2547" status="PASS">
          <reporter-output>
          </reporter-output>
        </test-method> <!-- updatePetFormData -->
        <test-method signature="deletePet()[pri:4, instance:tests.PetTests@69e153c5]" started-at="2024-01-13T12:12:20 EET" name="deletePet" finished-at="2024-01-13T12:12:22 EET" duration-ms="1944" status="PASS">
          <reporter-output>
          </reporter-output>
        </test-method> <!-- deletePet -->
      </class> <!-- tests.PetTests -->
      <class name="tests.UserTests">
        <test-method is-config="true" signature="setup()[pri:0, instance:tests.UserTests@25ce9dc4]" started-at="2024-01-13T12:12:26 EET" name="setup" finished-at="2024-01-13T12:12:26 EET" duration-ms="1" status="PASS">
          <reporter-output>
          </reporter-output>
        </test-method> <!-- setup -->
        <test-method signature="login()[pri:1, instance:tests.UserTests@25ce9dc4]" started-at="2024-01-13T12:12:26 EET" name="login" finished-at="2024-01-13T12:12:27 EET" duration-ms="922" status="PASS">
          <reporter-output>
          </reporter-output>
        </test-method> <!-- login -->
        <test-method signature="createUser()[pri:2, instance:tests.UserTests@25ce9dc4]" started-at="2024-01-13T12:12:27 EET" name="createUser" finished-at="2024-01-13T12:12:28 EET" duration-ms="1020" status="PASS">
          <reporter-output>
          </reporter-output>
        </test-method> <!-- createUser -->
        <test-method signature="createUsersWithArray()[pri:2, instance:tests.UserTests@25ce9dc4]" started-at="2024-01-13T12:12:28 EET" name="createUsersWithArray" finished-at="2024-01-13T12:12:32 EET" duration-ms="3684" status="PASS">
          <reporter-output>
          </reporter-output>
        </test-method> <!-- createUsersWithArray -->
        <test-method signature="createUsersWithList()[pri:2, instance:tests.UserTests@25ce9dc4]" started-at="2024-01-13T12:12:32 EET" name="createUsersWithList" finished-at="2024-01-13T12:12:36 EET" duration-ms="4095" status="PASS">
          <reporter-output>
          </reporter-output>
        </test-method> <!-- createUsersWithList -->
        <test-method signature="getUserByUsername()[pri:3, instance:tests.UserTests@25ce9dc4]" started-at="2024-01-13T12:12:36 EET" name="getUserByUsername" finished-at="2024-01-13T12:12:37 EET" duration-ms="1029" status="PASS">
          <reporter-output>
          </reporter-output>
        </test-method> <!-- getUserByUsername -->
        <test-method signature="updateUserEmailAddress()[pri:3, instance:tests.UserTests@25ce9dc4]" started-at="2024-01-13T12:12:37 EET" name="updateUserEmailAddress" finished-at="2024-01-13T12:12:39 EET" duration-ms="1944" status="PASS">
          <reporter-output>
          </reporter-output>
        </test-method> <!-- updateUserEmailAddress -->
        <test-method signature="deleteUser()[pri:4, instance:tests.UserTests@25ce9dc4]" started-at="2024-01-13T12:12:39 EET" name="deleteUser" finished-at="2024-01-13T12:12:40 EET" duration-ms="1843" status="PASS">
          <reporter-output>
          </reporter-output>
        </test-method> <!-- deleteUser -->
        <test-method signature="logout()[pri:5, instance:tests.UserTests@25ce9dc4]" started-at="2024-01-13T12:12:40 EET" name="logout" finished-at="2024-01-13T12:12:41 EET" duration-ms="1022" status="PASS">
          <reporter-output>
          </reporter-output>
        </test-method> <!-- logout -->
      </class> <!-- tests.UserTests -->
      <class name="tests.StoreTests">
        <test-method is-config="true" signature="setup()[pri:0, instance:tests.StoreTests@173ed316]" started-at="2024-01-13T12:12:22 EET" name="setup" finished-at="2024-01-13T12:12:22 EET" duration-ms="1" status="PASS">
          <reporter-output>
          </reporter-output>
        </test-method> <!-- setup -->
        <test-method signature="getStoreInventory()[pri:0, instance:tests.StoreTests@173ed316]" started-at="2024-01-13T12:12:22 EET" name="getStoreInventory" finished-at="2024-01-13T12:12:23 EET" duration-ms="920" status="PASS">
          <reporter-output>
          </reporter-output>
        </test-method> <!-- getStoreInventory -->
        <test-method signature="placeOrder()[pri:1, instance:tests.StoreTests@173ed316]" started-at="2024-01-13T12:12:23 EET" name="placeOrder" finished-at="2024-01-13T12:12:24 EET" duration-ms="1041" status="PASS">
          <reporter-output>
          </reporter-output>
        </test-method> <!-- placeOrder -->
        <test-method signature="findPurchaseOrderById()[pri:2, instance:tests.StoreTests@173ed316]" started-at="2024-01-13T12:12:24 EET" name="findPurchaseOrderById" finished-at="2024-01-13T12:12:25 EET" duration-ms="1014" status="PASS">
          <reporter-output>
          </reporter-output>
        </test-method> <!-- findPurchaseOrderById -->
        <test-method signature="deletePurchaseOrderById()[pri:3, instance:tests.StoreTests@173ed316]" started-at="2024-01-13T12:12:25 EET" name="deletePurchaseOrderById" finished-at="2024-01-13T12:12:26 EET" duration-ms="1016" status="PASS">
          <reporter-output>
          </reporter-output>
        </test-method> <!-- deletePurchaseOrderById -->
      </class> <!-- tests.StoreTests -->
    </test> <!-- Regression Tests -->
  </suite> <!-- Regression Suite -->
</testng-results>
